<?xml version="1.0" encoding="UTF-8"?>
<testsuite name="TestSuite" time="103.32" tests="7" errors="0" skipped="0" failures="0">
  <properties>
    <property name="java.runtime.name" value="OpenJDK Runtime Environment"/>
    <property name="java.vm.version" value="14.0.1+7"/>
    <property name="sun.boot.library.path" value="C:\devTools\openjdk-14.0.1_windows-x64_bin\jdk-14.0.1\bin"/>
    <property name="maven.multiModuleProjectDirectory" value="F:\workspace\Capstone"/>
    <property name="java.vm.vendor" value="Oracle Corporation"/>
    <property name="java.vendor.url" value="https://java.oracle.com/"/>
    <property name="guice.disable.misplaced.annotation.check" value="true"/>
    <property name="path.separator" value=";"/>
    <property name="java.vm.name" value="OpenJDK 64-Bit Server VM"/>
    <property name="sun.os.patch.level" value=""/>
    <property name="user.script" value=""/>
    <property name="user.country" value="IN"/>
    <property name="sun.java.launcher" value="SUN_STANDARD"/>
    <property name="java.vm.specification.name" value="Java Virtual Machine Specification"/>
    <property name="user.dir" value="F:\workspace\Capstone"/>
    <property name="java.vm.compressedOopsMode" value="32-bit"/>
    <property name="java.runtime.version" value="14.0.1+7"/>
    <property name="os.arch" value="amd64"/>
    <property name="java.io.tmpdir" value="C:\Users\kajal\AppData\Local\Temp\"/>
    <property name="line.separator" value="&#10;"/>
    <property name="java.vm.specification.vendor" value="Oracle Corporation"/>
    <property name="user.variant" value=""/>
    <property name="os.name" value="Windows 10"/>
    <property name="classworlds.conf" value="F:\workspace\.metadata\.plugins\org.eclipse.m2e.launching\launches\m2conf14053244377381308987.tmp"/>
    <property name="sun.jnu.encoding" value="Cp1252"/>
    <property name="java.library.path" value="C:\devTools\openjdk-14.0.1_windows-x64_bin\jdk-14.0.1\bin;C:\windows\Sun\Java\bin;C:\windows\system32;C:\windows;C:/devTools/openjdk-14.0.1_windows-x64_bin/jdk-14.0.1/bin/server;C:/devTools/openjdk-14.0.1_windows-x64_bin/jdk-14.0.1/bin;C:\windows\system32;C:\windows;C:\windows\System32\Wbem;C:\windows\System32\WindowsPowerShell\v1.0\;C:\windows\System32\OpenSSH\;C:\Program Files\Git\cmd;C:\devTools\openjdk-14.0.1_windows-x64_bin\jdk-14.0.1\bin;C:\Program Files\nodejs\;D:\Kubernetes\;C:\devTools\apache-maven-3.6.3\bin;C:\Users\kajal\AppData\Local\Microsoft\WindowsApps;C:\Users\kajal\AppData\Roaming\npm;C:\Users\kajal\AppData\Local\Programs\Python\Python38-32;C:\Users\kajal\AppData\Local\Programs\Python\Python38-32\Scripts;D:\Kubernetes\;;C:\devTools\eclipse-jee-2020-06-R-win32-x86_64\eclipse;;."/>
    <property name="jdk.debug" value="release"/>
    <property name="java.class.version" value="58.0"/>
    <property name="java.specification.name" value="Java Platform API Specification"/>
    <property name="sun.management.compiler" value="HotSpot 64-Bit Tiered Compilers"/>
    <property name="os.version" value="10.0"/>
    <property name="user.home" value="C:\Users\kajal"/>
    <property name="user.timezone" value="Asia/Calcutta"/>
    <property name="file.encoding" value="Cp1252"/>
    <property name="java.specification.version" value="14"/>
    <property name="user.name" value="kajal"/>
    <property name="java.class.path" value="C:\devTools\eclipse-jee-2020-06-R-win32-x86_64\eclipse\plugins\org.eclipse.m2e.maven.runtime_1.16.0.20200610-1735\jars\plexus-classworlds-2.6.0.jar"/>
    <property name="java.vm.specification.version" value="14"/>
    <property name="sun.arch.data.model" value="64"/>
    <property name="sun.java.command" value="org.codehaus.plexus.classworlds.launcher.Launcher -B clean package"/>
    <property name="java.home" value="C:\devTools\openjdk-14.0.1_windows-x64_bin\jdk-14.0.1"/>
    <property name="user.language" value="en"/>
    <property name="java.specification.vendor" value="Oracle Corporation"/>
    <property name="java.vm.info" value="mixed mode, sharing"/>
    <property name="java.version" value="14.0.1"/>
    <property name="java.vendor" value="Oracle Corporation"/>
    <property name="maven.home" value="F:\workspace\Capstone\EMBEDDED"/>
    <property name="file.separator" value="\"/>
    <property name="java.version.date" value="2020-04-14"/>
    <property name="java.vendor.url.bug" value="https://bugreport.java.com/bugreport/"/>
    <property name="sun.io.unicode.encoding" value="UnicodeLittle"/>
    <property name="sun.cpu.endian" value="little"/>
    <property name="sun.cpu.isalist" value="amd64"/>
  </properties>
  <testcase name="TS_ValidateTheHomePageShopEasy" classname="com.testclass.UnitIntegrationTests" time="10.074"/>
  <testcase name="TS_ValidateAlltheLinks" classname="com.testclass.UnitIntegrationTests" time="30.494"/>
  <testcase name="TS_ValidateCreateUser" classname="com.testclass.UnitIntegrationTests" time="19.264"/>
  <testcase name="TS_ValidateLoginUser" classname="com.testclass.UnitIntegrationTests" time="16.811"/>
  <testcase name="TS_ValidateLoginUserPerformActions" classname="com.testclass.UnitIntegrationTests" time="5.407"/>
  <testcase name="TS_ValidateLogoutUser" classname="com.testclass.UnitIntegrationTests" time="4.201"/>
  <testcase name="TS_ValidateContactUsPage" classname="com.testclass.UnitIntegrationTests" time="17.069"/>
</testsuite>