<?xml version="1.0" encoding="UTF-8"?>
<!-- Generated by org.testng.reporters.JUnitReportReporter -->
<testsuite hostname="LAPTOP-38LGFA2I" failures="0" tests="7" name="com.testclass.UnitIntegrationTests" time="104.973" errors="0" timestamp="2020-09-20T00:37:03 IST" skipped="0">
  <testcase classname="com.testclass.UnitIntegrationTests" name="TS_ValidateTheHomePageShopEasy" time="10.080"/>
  <system-out/>
  <testcase classname="com.testclass.UnitIntegrationTests" name="TS_ValidateAlltheLinks" time="30.617"/>
  <system-out/>
  <testcase classname="com.testclass.UnitIntegrationTests" name="TS_ValidateCreateUser" time="19.839"/>
  <system-out/>
  <testcase classname="com.testclass.UnitIntegrationTests" name="TS_ValidateLoginUser" time="17.150"/>
  <system-out/>
  <testcase classname="com.testclass.UnitIntegrationTests" name="TS_ValidateLoginUserPerformActions" time="6.089"/>
  <system-out/>
  <testcase classname="com.testclass.UnitIntegrationTests" name="TS_ValidateLogoutUser" time="4.202"/>
  <system-out/>
  <testcase classname="com.testclass.UnitIntegrationTests" name="TS_ValidateContactUsPage" time="16.996"/>
  <system-out/>
</testsuite> <!-- com.testclass.UnitIntegrationTests -->
