<?xml version="1.0" encoding="UTF-8"?>
<!-- Generated by org.testng.reporters.JUnitReportReporter -->
<testsuite hostname="LAPTOP-38LGFA2I" failures="0" tests="1" name="com.testclass.LoginFunctionalTest" time="4.078" errors="0" timestamp="2020-09-18T00:13:29 IST" skipped="0">
  <testcase classname="com.testclass.LoginFunctionalTest" name="loginSuccess" time="4.078"/>
  <system-out/>
</testsuite> <!-- com.testclass.LoginFunctionalTest -->
