<?xml version="1.0" encoding="UTF-8"?>
<!-- Generated by org.testng.reporters.JUnitReportReporter -->
<testsuite hostname="LAPTOP-38LGFA2I" failures="0" tests="7" name="com.testclass.UnitIntegrationTests" time="103.398" errors="0" timestamp="19 Sep 2020 19:12:44 GMT">
  <testcase classname="com.testclass.UnitIntegrationTests" name="TS_ValidateCreateUser" time="19.267"/>
  <testcase classname="com.testclass.UnitIntegrationTests" name="TS_ValidateLoginUser" time="16.814"/>
  <testcase classname="com.testclass.UnitIntegrationTests" name="TS_ValidateContactUsPage" time="17.070"/>
  <testcase classname="com.testclass.UnitIntegrationTests" name="TS_ValidateAlltheLinks" time="30.497"/>
  <testcase classname="com.testclass.UnitIntegrationTests" name="TS_ValidateLogoutUser" time="4.203"/>
  <testcase classname="com.testclass.UnitIntegrationTests" name="TS_ValidateTheHomePageShopEasy" time="10.139"/>
  <testcase classname="com.testclass.UnitIntegrationTests" name="TS_ValidateLoginUserPerformActions" time="5.408"/>
</testsuite> <!-- com.testclass.UnitIntegrationTests -->
